[17:16:59.435] [INFO] Storybook upgrade - v10.1.11
[17:16:59.438] [INFO] detect-projects-spinner-start: Detecting projects...
[17:16:59.440] [DEBUG] Finding Storybook projects...
[17:16:59.521] [DEBUG] Found 1 Storybook projects
[17:16:59.549] [INFO] detect-projects-spinner: Detecting projects: 1 projects
[17:16:59.549] [DEBUG] Getting Storybook data...
[17:16:59.549] [DEBUG] Getting Storybook info...
[17:16:59.850] [DEBUG] Loading main config...
[17:16:59.850] [DEBUG] Getting stories paths...
[17:16:59.902] [DEBUG] Getting package manager...
[17:17:00.311] [DEBUG] Getting package.json info for F:/Personal/npm/pdfmake-editor/package.json...
[17:17:00.311] [DEBUG] Getting Storybook version...
[17:17:00.311] [DEBUG] F:/Personal/npm/pdfmake-editor/.storybook - Validating before version... 10.1.10
[17:17:00.311] [DEBUG] F:/Personal/npm/pdfmake-editor/.storybook - Validating upgrade compatibility...
[17:17:00.311] [DEBUG] F:/Personal/npm/pdfmake-editor/.storybook - Fetching NPM version information...
[17:17:00.311] [DEBUG] Getting CLI versions from NPM for storybook...
[17:17:00.311] [DEBUG] Executing command: npm info storybook version
[17:17:00.332] [DEBUG] Getting CLI versions from NPM for storybook@next...
[17:17:00.332] [DEBUG] Executing command: npm info storybook@next version
[17:17:01.906] [DEBUG] F:/Personal/npm/pdfmake-editor/.storybook - Evaluating blockers...
[17:17:02.049] [DEBUG] Getting installed version for @storybook/experimental-addon-test...
[17:17:02.049] [DEBUG] Executing command: npm ls --json --depth=99 2>NUL
[17:17:02.986] [DEBUG] Executing command: npm ls --json --depth=0 2>NUL
[17:17:03.837] [DEBUG] An issue occurred while trying to find dependencies metadata using npm: Error: Command failed with exit code 1: npm.cmd ls --json --depth=0 2>NUL
npm error code EINVALIDTAGNAME
npm error Invalid tag name "2>NUL" of package "2>NUL": Tags may not have any characters that encodeURIComponent encodes.
npm error A complete log of this run can be found in: C:\Users\Akash\AppData\Local\npm-cache\_logs\2026-01-20T11_47_03_252Z-debug-0.log
{
  "error": {
    "code": "EINVALIDTAGNAME",
    "summary": "Invalid tag name \"2>NUL\" of package \"2>NUL\": Tags may not have any characters that encodeURIComponent encodes.",
    "detail": ""
  }
}
[17:17:03.837] [INFO] detect-projects-spinner-stop: 1 project detected
[17:17:03.838] [DEBUG] Found 1 valid projects and 0 error projects
[17:17:03.838] [INFO] Upgrading from [1m10.1.10[22m to [1m10.1.11[22m
[17:17:03.839] [INFO] upgrade-dependencies-task-start: Fetching versions to update package.json files..
[17:17:03.839] [DEBUG] Updating dependencies in F:/Personal/npm/pdfmake-editor/.storybook...
[17:17:03.839] [INFO] upgrade-dependencies-task: F:/Personal/npm/pdfmake-editor/package.json
[17:17:03.840] [DEBUG] Using cached package.json for F:\Personal\npm\pdfmake-editor\package.json...
[17:17:03.840] [DEBUG] Getting CLI versions from NPM for @chromatic-com/storybook...
[17:17:03.840] [DEBUG] Executing command: npm info @chromatic-com/storybook version
[17:17:05.211] [DEBUG] {
  "upgradedDependencies": []
}
[17:17:05.211] [DEBUG] {
  "upgradedDevDependencies": [
    "@storybook/addon-a11y@^10.1.11",
    "@storybook/addon-docs@^10.1.11",
    "@storybook/addon-onboarding@^10.1.11",
    "@storybook/addon-vitest@^10.1.11",
    "@storybook/react-vite@^10.1.11",
    "storybook@^10.1.11",
    "@chromatic-com/storybook@^5.0.0"
  ]
}
[17:17:05.211] [DEBUG] {
  "upgradedPeerDependencies": []
}
[17:17:05.211] [DEBUG] Getting package.json info for F:/Personal/npm/pdfmake-editor/package.json...
[17:17:05.211] [DEBUG] Using cached package.json for F:\Personal\npm\pdfmake-editor\package.json...
[17:17:05.212] [DEBUG] Getting package.json info for F:/Personal/npm/pdfmake-editor/package.json...
[17:17:05.212] [DEBUG] Using cached package.json for F:\Personal\npm\pdfmake-editor\package.json...
[17:17:05.213] [DEBUG] Getting CLI versions from NPM for @storybook/addon-a11y...
[17:17:05.213] [DEBUG] Executing command: npm info @storybook/addon-a11y version
[17:17:08.333] [DEBUG] Getting CLI versions from NPM for @storybook/addon-docs...
[17:17:08.333] [DEBUG] Executing command: npm info @storybook/addon-docs version
[17:17:10.349] [DEBUG] Getting CLI versions from NPM for @storybook/addon-onboarding...
[17:17:10.349] [DEBUG] Executing command: npm info @storybook/addon-onboarding version
[17:17:11.852] [DEBUG] Getting CLI versions from NPM for @storybook/addon-vitest...
[17:17:11.852] [DEBUG] Executing command: npm info @storybook/addon-vitest version
[17:17:13.314] [DEBUG] Getting CLI versions from NPM for @storybook/react-vite...
[17:17:13.314] [DEBUG] Executing command: npm info @storybook/react-vite version
[17:17:15.190] [DEBUG] Using cached version for storybook...
[17:17:15.190] [DEBUG] Using cached version for @chromatic-com/storybook...
[17:17:15.190] [DEBUG] Getting package.json info for F:/Personal/npm/pdfmake-editor/package.json...
[17:17:15.190] [DEBUG] Using cached package.json for F:\Personal\npm\pdfmake-editor\package.json...
[17:17:15.191] [INFO] upgrade-dependencies-task-success: Updated package versions in package.json files
[17:17:15.191] [INFO] detect-automigrations-task-start: Detecting automigrations...
[17:17:15.192] [DEBUG] Starting automigration collection across 1 projects and 19 fixes...
[17:17:15.192] [INFO] detect-automigrations-task: Checking automigrations for
F:/Personal/npm/pdfmake-editor/.storybook...
[17:17:15.192] [DEBUG] Processing project: F:/Personal/npm/pdfmake-editor/.storybook
[17:17:15.192] [DEBUG] Checking fix eslintPlugin for project F:/Personal/npm/pdfmake-editor/.storybook...
[17:17:15.192] [DEBUG] Using cached package.json for F:\Personal\npm\pdfmake-editor\package.json...
[17:17:15.192] [DEBUG] Using cached package.json for F:\Personal\npm\pdfmake-editor\package.json...
[17:17:15.193] [DEBUG] Checking fix addon-mdx-gfm-remove for project F:/Personal/npm/pdfmake-editor/.storybook...
[17:17:15.193] [DEBUG] Using cached package.json for F:\Personal\npm\pdfmake-editor\package.json...
[17:17:15.193] [DEBUG] Checking fix addon-storysource-code-panel for project F:/Personal/npm/pdfmake-editor/.storybook...
[17:17:15.193] [DEBUG] Checking fix upgrade-storybook-related-dependencies for project F:/Personal/npm/pdfmake-editor/.storybook...
[17:17:15.193] [DEBUG] Checking for incompatible storybook packages...
[17:17:15.194] [DEBUG] Using cached package.json for F:\Personal\npm\pdfmake-editor\package.json...
[17:17:15.195] [DEBUG] Using cached package.json for F:\Personal\npm\pdfmake-editor\package.json...
[17:17:15.195] [DEBUG] Getting installed version for @storybook/blocks...
[17:17:15.195] [DEBUG] Executing command: npm ls --json --depth=99 2>NUL
[17:17:16.019] [DEBUG] Executing command: npm ls --json --depth=0 2>NUL
[17:17:16.914] [DEBUG] An issue occurred while trying to find dependencies metadata using npm: Error: Command failed with exit code 1: npm.cmd ls --json --depth=0 2>NUL
npm error code EINVALIDTAGNAME
npm error Invalid tag name "2>NUL" of package "2>NUL": Tags may not have any characters that encodeURIComponent encodes.
npm error A complete log of this run can be found in: C:\Users\Akash\AppData\Local\npm-cache\_logs\2026-01-20T11_47_16_273Z-debug-0.log
{
  "error": {
    "code": "EINVALIDTAGNAME",
    "summary": "Invalid tag name \"2>NUL\" of package \"2>NUL\": Tags may not have any characters that encodeURIComponent encodes.",
    "detail": ""
  }
}
[17:17:16.914] [DEBUG] Getting CLI versions from NPM for @storybook/blocks...
[17:17:16.914] [DEBUG] Executing command: npm info @storybook/blocks version
[17:17:18.301] [DEBUG] Checking fix initial-globals for project F:/Personal/npm/pdfmake-editor/.storybook...
[17:17:18.316] [DEBUG] Checking fix addon-globals-api for project F:/Personal/npm/pdfmake-editor/.storybook...
[17:17:18.319] [DEBUG] Checking fix addon-a11y-addon-test for project F:/Personal/npm/pdfmake-editor/.storybook...
[17:17:18.488] [DEBUG] Checking fix consolidated-imports for project F:/Personal/npm/pdfmake-editor/.storybook...
[17:17:18.489] [DEBUG] Checking fix addon-experimental-test for project F:/Personal/npm/pdfmake-editor/.storybook...
[17:17:18.489] [DEBUG] Using cached installed version for @storybook/experimental-addon-test...
[17:17:18.489] [DEBUG] Checking fix rnstorybook-config for project F:/Personal/npm/pdfmake-editor/.storybook...
[17:17:18.489] [DEBUG] Using cached package.json for F:\Personal\npm\pdfmake-editor\package.json...
[17:17:18.489] [DEBUG] Checking fix migrate-addon-console for project F:/Personal/npm/pdfmake-editor/.storybook...
[17:17:18.489] [DEBUG] Using cached package.json for F:\Personal\npm\pdfmake-editor\package.json...
[17:17:18.489] [DEBUG] Checking fix nextjs-to-nextjs-vite for project F:/Personal/npm/pdfmake-editor/.storybook...
[17:17:18.489] [DEBUG] Using cached package.json for F:\Personal\npm\pdfmake-editor\package.json...
[17:17:18.489] [DEBUG] Checking fix remove-addon-interactions for project F:/Personal/npm/pdfmake-editor/.storybook...
[17:17:18.489] [DEBUG] Using cached package.json for F:\Personal\npm\pdfmake-editor\package.json...
[17:17:18.489] [DEBUG] Checking fix renderer-to-framework for project F:/Personal/npm/pdfmake-editor/.storybook...
[17:17:18.490] [DEBUG] Checking fix remove-essential-addons for project F:/Personal/npm/pdfmake-editor/.storybook...
[17:17:18.490] [DEBUG] Using cached package.json for F:\Personal\npm\pdfmake-editor\package.json...
[17:17:18.490] [DEBUG] Checking fix addon-a11y-parameters for project F:/Personal/npm/pdfmake-editor/.storybook...
[17:17:18.490] [DEBUG] Checking fix remove-docs-autodocs for project F:/Personal/npm/pdfmake-editor/.storybook...
[17:17:18.492] [DEBUG] Checking fix wrap-getAbsolutePath for project F:/Personal/npm/pdfmake-editor/.storybook...
[17:17:18.495] [DEBUG] Checking fix fix-faux-esm-require for project F:/Personal/npm/pdfmake-editor/.storybook...
[17:17:18.496] [INFO] detect-automigrations-task: 
Automigrations detected:
[17:17:18.497] [INFO] detect-automigrations-task: [32m[32m✔[32m addon-a11y-addon-test[39m
[17:17:18.498] [INFO] detect-automigrations-task: [32m[32m✔[32m consolidated-imports[39m
[17:17:18.498] [INFO] detect-automigrations-task-success: 2 automigration(s) detected
[17:17:18.498] [INFO] Running all detected automigrations:
[17:17:18.498] [INFO]   - addon-a11y-addon-test (F:/Personal/npm/pdfmake-editor/.storybook)
[17:17:18.499] [INFO]   - consolidated-imports (F:/Personal/npm/pdfmake-editor/.storybook)
[17:17:18.499] [INFO] automigrate-F:/Personal/npm/pdfmake-editor/.storybook-task-start: Running automigrations for F:/Personal/npm/pdfmake-editor/.storybook
[17:17:18.501] [INFO] automigrate-F:/Personal/npm/pdfmake-editor/.storybook-task: [31m[31m✕[31m addon-a11y-addon-test[39m
[17:17:18.501] [DEBUG] Error: The addon-a11y-addon-test automigration couldn't make the changes but here are instructions for doing them yourself:
1) We couldn't find or automatically update [36m.storybook/vitest.setup.<ts|js>[39m in your project to smoothly set up project annotations from [35m@storybook/addon-a11y[39m. 
Please manually update your [36mvitest.setup.ts[39m file to include the following:

[90m...[39m   
[32m+ import * as a11yAddonAnnotations from "@storybook/addon-a11y/preview";[39m

[90msetProjectAnnotations([[39m
[90m  ...[39m
[32m+ a11yAddonAnnotations,[39m
[90m]);[39m
    at Object.run (file:///C:/Users/Akash/AppData/Local/npm-cache/_npx/6b8babe225378cdd/node_modules/@storybook/cli/dist/_node-chunks/run-4UWMWJJE.js:6188:13)
    at runAutomigrationsForProjects (file:///C:/Users/Akash/AppData/Local/npm-cache/_npx/6b8babe225378cdd/node_modules/@storybook/cli/dist/_node-chunks/run-4UWMWJJE.js:9174:21)
    at runAutomigrations (file:///C:/Users/Akash/AppData/Local/npm-cache/_npx/6b8babe225378cdd/node_modules/@storybook/cli/dist/_node-chunks/run-4UWMWJJE.js:9221:36)
    at async upgrade (file:///C:/Users/Akash/AppData/Local/npm-cache/_npx/6b8babe225378cdd/node_modules/@storybook/cli/dist/_node-chunks/run-4UWMWJJE.js:9419:83)
    at async file:///C:/Users/Akash/AppData/Local/npm-cache/_npx/6b8babe225378cdd/node_modules/@storybook/cli/dist/_node-chunks/run-4UWMWJJE.js:9558:70
    at async withTelemetry (file:///C:/Users/Akash/AppData/Local/npm-cache/_npx/6b8babe225378cdd/node_modules/storybook/dist/_node-chunks/chunk-2372JZ52.js:209:12)
    at async Command.<anonymous> (file:///C:/Users/Akash/AppData/Local/npm-cache/_npx/6b8babe225378cdd/node_modules/@storybook/cli/dist/_node-chunks/run-4UWMWJJE.js:9554:3)
[17:17:18.553] [INFO] automigrate-F:/Personal/npm/pdfmake-editor/.storybook-task: [32m[32m✔[32m consolidated-imports[39m
[17:17:18.553] [ERROR] automigrate-F:/Personal/npm/pdfmake-editor/.storybook-task-error: 1 automigrations failed for F:/Personal/npm/pdfmake-editor/.storybook
[17:17:18.554] [INFO] Installing dependencies...
[17:17:18.554] [INFO] install-dependencies-spinner-start: Installing dependencies...
[17:17:18.554] [DEBUG] Executing command: npm install --force
[17:17:36.306] [INFO] Installing dependencies...: 
added 2 packages, removed 3 packages, changed 11 packages, and audited 681 packages in 17s

[17:17:36.306] [INFO] install-dependencies-spinner: Installing dependencies...: added 2 packages, removed
[17:17:36.306] [INFO] Installing dependencies...: 
148 packages are looking for funding
  run `npm fund` for details

[17:17:36.306] [INFO] install-dependencies-spinner: Installing dependencies...: 148 packages are looking 
[17:17:36.307] [INFO] Installing dependencies...: 
found 0 vulnerabilities

[17:17:36.307] [INFO] install-dependencies-spinner: Installing dependencies...: found 0 vulnerabilities
[17:17:36.478] [INFO] Dependencies installed
[17:17:36.478] [INFO] install-dependencies-spinner-stop: Dependencies installed
[17:17:36.479] [INFO] Checking the health of your project(s)..
[17:17:36.480] [DEBUG] Using cached package.json for F:\Personal\npm\pdfmake-editor\package.json...
[17:17:36.493] [DEBUG] Executing command: npm ls --json --depth=99 2>NUL
[17:17:38.142] [DEBUG] Executing command: npm ls --json --depth=0 2>NUL
[17:17:39.740] [DEBUG] An issue occurred while trying to find dependencies metadata using npm: Error: Command failed with exit code 1: npm.cmd ls --json --depth=0 2>NUL
npm error code EINVALIDTAGNAME
npm error Invalid tag name "2>NUL" of package "2>NUL": Tags may not have any characters that encodeURIComponent encodes.
npm error A complete log of this run can be found in: C:\Users\Akash\AppData\Local\npm-cache\_logs\2026-01-20T11_47_38_561Z-debug-0.log
{
  "error": {
    "code": "EINVALIDTAGNAME",
    "summary": "Invalid tag name \"2>NUL\" of package \"2>NUL\": Tags may not have any characters that encodeURIComponent encodes.",
    "detail": ""
  }
}
[17:17:39.741] [INFO] Your Storybook project looks good!
[17:17:39.741] [INFO] The upgrade is complete, but some projects failed to upgrade or migrate completely. Please see the debug logs for more details.
[17:17:39.742] [INFO] [31mFailed to upgrade:[39m
Some automigrations failed, please check the logs in the log file for more details.
  • F:/Personal/npm/pdfmake-editor/.storybook
[17:17:39.743] [INFO] If you want to learn more about the automigrations that executed in your project(s), please check the following links:
• ]8;;https://storybook.js.org/docs/writing-tests/accessibility-testing#with-the-vitest-addonaddon-a11y-addon-test]8;;
• ]8;;https://github.com/storybookjs/storybook/blob/next/MIGRATION.md#dropped-support-for-legacy-packagesconsolidated-imports]8;;
[17:17:39.743] [INFO] For a full list of changes, please check our migration guide: [36mhttps://storybook.js.org/docs/releases/migration-guide?ref=upgrade[39m
[17:17:40.778] [INFO] Storybook upgrade completed!